
R version 3.5.0 (2018-04-23) -- "Joy in Playing"
Copyright (C) 2018 The R Foundation for Statistical Computing
Platform: x86_64-pc-linux-gnu (64-bit)

R is free software and comes with ABSOLUTELY NO WARRANTY.
You are welcome to redistribute it under certain conditions.
Type 'license()' or 'licence()' for distribution details.

  Natural language support but running in an English locale

R is a collaborative project with many contributors.
Type 'contributors()' for more information and
'citation()' on how to cite R or R packages in publications.

Type 'demo()' for some demos, 'help()' for on-line help, or
'help.start()' for an HTML browser interface to help.
Type 'q()' to quit R.

> ## source utilities
> sapply( list.files('src/utils', pattern = "*.R", full.names = TRUE), source)
Loading required namespace: BiocManager

unable to install:

NONE
successfully installed:

NONE
already installed:

data.table, magrittr, mixOmics, scater, purrr, uwot, here        src/utils/helpers.R src/utils/hpc_utils.R src/utils/load_data.R
value   ?                   ?                     ?                    
visible FALSE               FALSE                 FALSE                
        src/utils/rsync.R src/utils/utils-misc.R src/utils/utils.R
value   ?                 ?                      ?                
visible FALSE             FALSE                  FALSE            
> ## check/install/load packages
> pkgs <- c( "mixOmics", "here", "knitr", "parallel")
> installer(pkgs = pkgs, hpc_libPaths = "~/R_libs", update_all = FALSE)

Trying to install: parallel 

package parallel failed to install 

unable to install:

NONE
successfully installed:

parallel
already installed:

mixOmics, here, knitr> load_pkgs(pkgs)
Error: package or namespace load failed for ‘mixOmics’ in loadNamespace(j <- i[[1L]], c(lib.loc, .libPaths()), versionCheck = vI[[j]]):
 namespace ‘Rcpp’ 1.0.0 is already loaded, but >= 1.0.1 is required
Execution halted
